  CBullet.cpp
  CMyInGame.cpp
d:\ngp\projects\2dframework\2dframework\timermanager.h(6): warning C4244: '초기화 중': 'float'에서 'DWORD'(으)로 변환하면서 데이터가 손실될 수 있습니다.
d:\ngp\projects\2dframework\2dframework\timermanager.h(7): warning C4244: '초기화 중': 'float'에서 'DWORD'(으)로 변환하면서 데이터가 손실될 수 있습니다.
d:\ngp\projects\2dframework\2dframework\timermanager.h(8): warning C4244: '초기화 중': 'float'에서 'DWORD'(으)로 변환하면서 데이터가 손실될 수 있습니다.
  CObjectManager.cpp
  CPlayer.cpp
d:\ngp\projects\2dframework\2dframework\cplayer.cpp(10): warning C4244: '=': 'float'에서 'LONG'(으)로 변환하면서 데이터가 손실될 수 있습니다.
d:\ngp\projects\2dframework\2dframework\cplayer.cpp(11): warning C4244: '=': 'float'에서 'LONG'(으)로 변환하면서 데이터가 손실될 수 있습니다.
d:\ngp\projects\2dframework\2dframework\cplayer.cpp(37): warning C4244: '-=': 'float'에서 'LONG'(으)로 변환하면서 데이터가 손실될 수 있습니다.
d:\ngp\projects\2dframework\2dframework\cplayer.cpp(42): warning C4244: '+=': 'float'에서 'LONG'(으)로 변환하면서 데이터가 손실될 수 있습니다.
d:\ngp\projects\2dframework\2dframework\cplayer.cpp(46): warning C4244: '-=': 'float'에서 'LONG'(으)로 변환하면서 데이터가 손실될 수 있습니다.
d:\ngp\projects\2dframework\2dframework\cplayer.cpp(50): warning C4244: '+=': 'float'에서 'LONG'(으)로 변환하면서 데이터가 손실될 수 있습니다.
c:\program files (x86)\microsoft visual studio\2017\community\vc\tools\msvc\14.15.26726\include\xmemory0(881): error C2440: '초기화 중': 'initializer list'에서 '_Objty'(으)로 변환할 수 없습니다.
          with
          [
              _Objty=CBullet *
          ]
  c:\program files (x86)\microsoft visual studio\2017\community\vc\tools\msvc\14.15.26726\include\xmemory0(879): note: 이니셜라이저에 요소가 너무 많습니다.
  c:\program files (x86)\microsoft visual studio\2017\community\vc\tools\msvc\14.15.26726\include\vector(900): note: 컴파일 중인 함수 템플릿 인스턴스화 'void std::_Default_allocator_traits<_Alloc>::construct<_Ty,POINT&,int>(_Alloc &,_Objty *const ,POINT &,int &&)'에 대한 참조를 확인하십시오.
          with
          [
              _Alloc=std::allocator<CBullet *>,
              _Ty=CBullet *,
              _Objty=CBullet *
          ]
  c:\program files (x86)\microsoft visual studio\2017\community\vc\tools\msvc\14.15.26726\include\vector(902): note: 컴파일 중인 함수 템플릿 인스턴스화 'void std::_Default_allocator_traits<_Alloc>::construct<_Ty,POINT&,int>(_Alloc &,_Objty *const ,POINT &,int &&)'에 대한 참조를 확인하십시오.
          with
          [
              _Alloc=std::allocator<CBullet *>,
              _Ty=CBullet *,
              _Objty=CBullet *
          ]
  c:\program files (x86)\microsoft visual studio\2017\community\vc\tools\msvc\14.15.26726\include\vector(916): note: 컴파일 중인 함수 템플릿 인스턴스화 'void std::vector<CBullet *,std::allocator<_Ty>>::_Emplace_back_with_unused_capacity<POINT&,int>(POINT &,int &&)'에 대한 참조를 확인하십시오.
          with
          [
              _Ty=CBullet *
          ]
  d:\ngp\projects\2dframework\2dframework\cplayer.cpp(59): note: 컴파일 중인 함수 템플릿 인스턴스화 'void std::vector<CBullet *,std::allocator<_Ty>>::emplace_back<POINT&,int>(POINT &,int &&)'에 대한 참조를 확인하십시오.
          with
          [
              _Ty=CBullet *
          ]
  코드를 생성하고 있습니다...
d:\ngp\projects\2dframework\2dframework\cobjectmanager.cpp(24): warning C4715: 'CObjectManager::FindGameObject': 모든 제어 경로에서 값을 반환하지는 않습니다.
