d:\ngp\projects\server\server\debug\vc141.pdb
d:\ngp\projects\server\server\debug\vc141.idb
d:\ngp\projects\server\server\debug\server.obj
d:\ngp\projects\server\server\debug\player.obj
d:\ngp\projects\server\server\debug\input.obj
d:\ngp\projects\server\server\debug\enemey.obj
d:\ngp\projects\server\debug\server.exe
d:\ngp\projects\server\debug\server.ilk
d:\ngp\projects\server\debug\server.pdb
c:\users\leeso\desktop\networkgameprogramming\projects\server\server\debug\enemey.obj
c:\users\leeso\desktop\networkgameprogramming\projects\server\server\debug\input.obj
c:\users\leeso\desktop\networkgameprogramming\projects\server\server\debug\player.obj
c:\users\leeso\desktop\networkgameprogramming\projects\server\server\debug\server.obj
c:\users\leeso\desktop\networkgameprogramming\projects\server\server\debug\vc141.idb
c:\users\leeso\desktop\networkgameprogramming\projects\server\server\debug\vc141.pdb
c:\users\leeso\desktop\networkgameprogramming\projects\server\debug\server.pdb
c:\users\leeso\desktop\networkgameprogramming\projects\server\debug\server.exe
c:\users\leeso\desktop\networkgameprogramming\projects\server\debug\server.ilk
c:\users\leeso\desktop\networkgameprogramming\projects\server\server\debug\server.tlog\cl.command.1.tlog
c:\users\leeso\desktop\networkgameprogramming\projects\server\server\debug\server.tlog\cl.read.1.tlog
c:\users\leeso\desktop\networkgameprogramming\projects\server\server\debug\server.tlog\cl.write.1.tlog
c:\users\leeso\desktop\networkgameprogramming\projects\server\server\debug\server.tlog\link.command.1.tlog
c:\users\leeso\desktop\networkgameprogramming\projects\server\server\debug\server.tlog\link.read.1.tlog
c:\users\leeso\desktop\networkgameprogramming\projects\server\server\debug\server.tlog\link.write.1.tlog
